=/pretest.json
{
  _: [],
  f: [
    '/home/runner/work/exp-kmp-iiith/exp-kmp-iiith/experiment/pretest.json'
  ],
  files: [
    '/home/runner/work/exp-kmp-iiith/exp-kmp-iiith/experiment/pretest.json'
  ],
  c: 'assessment',
  contentTypes: 'assessment',
  'content-types': 'assessment',
  '$0': 'validate'
}
/questions/2/difficulty: Difficulty can only be: beginner, intermediate or advanced

/questions/3/answers: There have to be atleast one correct answer

Json Error: must match "then" schema
Json Error: must match "then" schema
Failed while validating /home/runner/work/exp-kmp-iiith/exp-kmp-iiith/experiment/pretest.json
Error: Schema is Invalid
=/naive-string-searching/naive-string-searching-quiz.json
{
  _: [],
  f: [
    '/home/runner/work/exp-kmp-iiith/exp-kmp-iiith/experiment/naive-string-searching/naive-string-searching-quiz.json'
  ],
  files: [
    '/home/runner/work/exp-kmp-iiith/exp-kmp-iiith/experiment/naive-string-searching/naive-string-searching-quiz.json'
  ],
  c: 'assessment',
  contentTypes: 'assessment',
  'content-types': 'assessment',
  '$0': 'validate'
}
Validated true
=/knuth-morris-pratt-algorithm/kmp-algorithm-quiz.json
{
  _: [],
  f: [
    '/home/runner/work/exp-kmp-iiith/exp-kmp-iiith/experiment/knuth-morris-pratt-algorithm/kmp-algorithm-quiz.json'
  ],
  files: [
    '/home/runner/work/exp-kmp-iiith/exp-kmp-iiith/experiment/knuth-morris-pratt-algorithm/kmp-algorithm-quiz.json'
  ],
  c: 'assessment',
  contentTypes: 'assessment',
  'content-types': 'assessment',
  '$0': 'validate'
}
Validated true
=/preprocessing-of-kmp-algorithm/analysis-quiz.json
{
  _: [],
  f: [
    '/home/runner/work/exp-kmp-iiith/exp-kmp-iiith/experiment/preprocessing-of-kmp-algorithm/analysis-quiz.json'
  ],
  files: [
    '/home/runner/work/exp-kmp-iiith/exp-kmp-iiith/experiment/preprocessing-of-kmp-algorithm/analysis-quiz.json'
  ],
  c: 'assessment',
  contentTypes: 'assessment',
  'content-types': 'assessment',
  '$0': 'validate'
}
Validated true
=/posttest.json
{
  _: [],
  f: [
    '/home/runner/work/exp-kmp-iiith/exp-kmp-iiith/experiment/posttest.json'
  ],
  files: [
    '/home/runner/work/exp-kmp-iiith/exp-kmp-iiith/experiment/posttest.json'
  ],
  c: 'assessment',
  contentTypes: 'assessment',
  'content-types': 'assessment',
  '$0': 'validate'
}
Validated true
