code-assessment.html     http://outreach.vlabs.ac.in/
feedback.html     http://outreach.vlabs.ac.in/
further-reading-and-references.html     http://outreach.vlabs.ac.in/
index.html     http://outreach.vlabs.ac.in/
overview.html     http://outreach.vlabs.ac.in/
performance-report.html     http://vlab.co.in
posttest.html     http://outreach.vlabs.ac.in/
pretest.html     http://outreach.vlabs.ac.in/
validator-report.html     http://vlab.co.in
naive-string-searching/concept-and-strategy-naive.html     http://outreach.vlabs.ac.in/
naive-string-searching/index.html     http://outreach.vlabs.ac.in/
naive-string-searching/naive-string-searching-quiz.html     http://outreach.vlabs.ac.in/
knuth-morris-pratt-algorithm/concept-and-strategy-kmp.html     http://outreach.vlabs.ac.in/
knuth-morris-pratt-algorithm/index.html     http://outreach.vlabs.ac.in/
knuth-morris-pratt-algorithm/intro-to-lps-array.html     http://outreach.vlabs.ac.in/
knuth-morris-pratt-algorithm/kmp-algorithm-quiz.html     http://outreach.vlabs.ac.in/
preprocessing-of-kmp-algorithm/analysis-of-the-kmp-string-searching-algorithm.html     http://outreach.vlabs.ac.in/
preprocessing-of-kmp-algorithm/analysis-quiz.html     http://outreach.vlabs.ac.in/
preprocessing-of-kmp-algorithm/concept-and-strategy-preprocessing.html     http://outreach.vlabs.ac.in/
preprocessing-of-kmp-algorithm/index.html     http://outreach.vlabs.ac.in/
naive-string-searching/simulation/docs/index.html     http://validator.w3.org/check?uri=referer
naive-string-searching/simulation/docs/sitemap.html     http://validator.w3.org/check?uri=referer
knuth-morris-pratt-algorithm/simulation/docs/index.html     http://validator.w3.org/check?uri=referer
knuth-morris-pratt-algorithm/simulation/docs/sitemap.html     http://validator.w3.org/check?uri=referer
preprocessing-of-kmp-algorithm/simulation/docs/index.html     http://validator.w3.org/check?uri=referer
preprocessing-of-kmp-algorithm/simulation/docs/sitemap.html     http://validator.w3.org/check?uri=referer
naive-string-searching/simulation/docs/org-templates/level-0.html     http://validator.w3.org/check?uri=referer
naive-string-searching/simulation/docs/org-templates/level-1.html     http://validator.w3.org/check?uri=referer
naive-string-searching/simulation/docs/org-templates/level-2.html     http://validator.w3.org/check?uri=referer
naive-string-searching/simulation/docs/org-templates/level-3.html     http://validator.w3.org/check?uri=referer
naive-string-searching/simulation/docs/org-templates/level-4.html     http://validator.w3.org/check?uri=referer
naive-string-searching/simulation/docs/org-templates/level-5.html     http://validator.w3.org/check?uri=referer
naive-string-searching/simulation/docs/org-templates/tex-macros.html     http://validator.w3.org/check?uri=referer
knuth-morris-pratt-algorithm/simulation/docs/org-templates/level-0.html     http://validator.w3.org/check?uri=referer
knuth-morris-pratt-algorithm/simulation/docs/org-templates/level-1.html     http://validator.w3.org/check?uri=referer
knuth-morris-pratt-algorithm/simulation/docs/org-templates/level-2.html     http://validator.w3.org/check?uri=referer
knuth-morris-pratt-algorithm/simulation/docs/org-templates/level-3.html     http://validator.w3.org/check?uri=referer
knuth-morris-pratt-algorithm/simulation/docs/org-templates/level-4.html     http://validator.w3.org/check?uri=referer
knuth-morris-pratt-algorithm/simulation/docs/org-templates/level-5.html     http://validator.w3.org/check?uri=referer
knuth-morris-pratt-algorithm/simulation/docs/org-templates/tex-macros.html     http://validator.w3.org/check?uri=referer
preprocessing-of-kmp-algorithm/simulation/docs/org-templates/level-0.html     http://validator.w3.org/check?uri=referer
preprocessing-of-kmp-algorithm/simulation/docs/org-templates/level-1.html     http://validator.w3.org/check?uri=referer
preprocessing-of-kmp-algorithm/simulation/docs/org-templates/level-2.html     http://validator.w3.org/check?uri=referer
preprocessing-of-kmp-algorithm/simulation/docs/org-templates/level-3.html     http://validator.w3.org/check?uri=referer
preprocessing-of-kmp-algorithm/simulation/docs/org-templates/level-4.html     http://validator.w3.org/check?uri=referer
preprocessing-of-kmp-algorithm/simulation/docs/org-templates/level-5.html     http://validator.w3.org/check?uri=referer
preprocessing-of-kmp-algorithm/simulation/docs/org-templates/tex-macros.html     http://validator.w3.org/check?uri=referer
naive-string-searching/simulation/docs/runtime/css/demoUI_CSS.html     http://validator.w3.org/check?uri=referer
naive-string-searching/simulation/docs/runtime/html/kmp_demo.html     http://validator.w3.org/check?uri=referer
naive-string-searching/simulation/docs/runtime/html/kmp_exercise.html     http://validator.w3.org/check?uri=referer
naive-string-searching/simulation/docs/runtime/html/kmp_practice.html     http://validator.w3.org/check?uri=referer
naive-string-searching/simulation/docs/runtime/html/naive_demo.html     http://validator.w3.org/check?uri=referer
naive-string-searching/simulation/docs/runtime/html/preprocessing_demo.html     http://validator.w3.org/check?uri=referer
naive-string-searching/simulation/docs/runtime/js/demoUI_JS.html     http://validator.w3.org/check?uri=referer
naive-string-searching/simulation/docs/runtime/js/demoUI_JS_Preprocessing.html     http://validator.w3.org/check?uri=referer
naive-string-searching/simulation/docs/runtime/js/kmpDemoJS.html     http://validator.w3.org/check?uri=referer
naive-string-searching/simulation/docs/runtime/js/kmpExerciseJS.html     http://validator.w3.org/check?uri=referer
naive-string-searching/simulation/docs/runtime/js/naiveDemoJS.html     http://validator.w3.org/check?uri=referer
naive-string-searching/simulation/docs/runtime/js/preprocessingDemoJS.html     http://validator.w3.org/check?uri=referer
naive-string-searching/simulation/docs/runtime/js/realization-catalog.html     http://validator.w3.org/check?uri=referer
knuth-morris-pratt-algorithm/simulation/docs/runtime/css/demoUI_CSS.html     http://validator.w3.org/check?uri=referer
knuth-morris-pratt-algorithm/simulation/docs/runtime/html/kmp_demo.html     http://validator.w3.org/check?uri=referer
knuth-morris-pratt-algorithm/simulation/docs/runtime/html/kmp_exercise.html     http://validator.w3.org/check?uri=referer
knuth-morris-pratt-algorithm/simulation/docs/runtime/html/kmp_practice.html     http://validator.w3.org/check?uri=referer
knuth-morris-pratt-algorithm/simulation/docs/runtime/html/preprocessing_demo.html     http://validator.w3.org/check?uri=referer
knuth-morris-pratt-algorithm/simulation/docs/runtime/html/naive_demo.html     http://validator.w3.org/check?uri=referer
knuth-morris-pratt-algorithm/simulation/docs/runtime/js/demoUI_JS.html     http://validator.w3.org/check?uri=referer
knuth-morris-pratt-algorithm/simulation/docs/runtime/js/demoUI_JS_Preprocessing.html     http://validator.w3.org/check?uri=referer
knuth-morris-pratt-algorithm/simulation/docs/runtime/js/kmpDemoJS.html     http://validator.w3.org/check?uri=referer
knuth-morris-pratt-algorithm/simulation/docs/runtime/js/kmpExerciseJS.html     http://validator.w3.org/check?uri=referer
knuth-morris-pratt-algorithm/simulation/docs/runtime/js/naiveDemoJS.html     http://validator.w3.org/check?uri=referer
knuth-morris-pratt-algorithm/simulation/docs/runtime/js/preprocessingDemoJS.html     http://validator.w3.org/check?uri=referer
knuth-morris-pratt-algorithm/simulation/docs/runtime/js/realization-catalog.html     http://validator.w3.org/check?uri=referer
preprocessing-of-kmp-algorithm/simulation/docs/runtime/css/demoUI_CSS.html     http://validator.w3.org/check?uri=referer
preprocessing-of-kmp-algorithm/simulation/docs/runtime/html/kmp_demo.html     http://validator.w3.org/check?uri=referer
preprocessing-of-kmp-algorithm/simulation/docs/runtime/html/kmp_exercise.html     http://validator.w3.org/check?uri=referer
preprocessing-of-kmp-algorithm/simulation/docs/runtime/html/kmp_practice.html     http://validator.w3.org/check?uri=referer
preprocessing-of-kmp-algorithm/simulation/docs/runtime/html/naive_demo.html     http://validator.w3.org/check?uri=referer
preprocessing-of-kmp-algorithm/simulation/docs/runtime/html/preprocessing_demo.html     http://validator.w3.org/check?uri=referer
preprocessing-of-kmp-algorithm/simulation/docs/runtime/js/demoUI_JS.html     http://validator.w3.org/check?uri=referer
preprocessing-of-kmp-algorithm/simulation/docs/runtime/js/demoUI_JS_Preprocessing.html     http://validator.w3.org/check?uri=referer
preprocessing-of-kmp-algorithm/simulation/docs/runtime/js/kmpDemoJS.html     http://validator.w3.org/check?uri=referer
preprocessing-of-kmp-algorithm/simulation/docs/runtime/js/kmpExerciseJS.html     http://validator.w3.org/check?uri=referer
preprocessing-of-kmp-algorithm/simulation/docs/runtime/js/naiveDemoJS.html     http://validator.w3.org/check?uri=referer
preprocessing-of-kmp-algorithm/simulation/docs/runtime/js/preprocessingDemoJS.html     http://validator.w3.org/check?uri=referer
preprocessing-of-kmp-algorithm/simulation/docs/runtime/js/realization-catalog.html     http://validator.w3.org/check?uri=referer
